This is pdfTeX, Version 3.141592653-2.6-1.40.25 (TeX Live 2023) (preloaded format=latex 2026.5.5)  6 MAY 2026 01:04
entering extended mode
 restricted \write18 enabled.
 %&-line parsing enabled.
**"wordcount.tex\csname ?\endcsname"
(/usr/share/texlive/texmf-dist/tex/latex/wordcount/wordcount.tex
LaTeX2e <2022-11-01> patch level 1
L3 programming layer <2023-02-22>
File: wordcount.tex 2016/06/03 v1.7 Michael Downes

(/usr/share/texlive/texmf-dist/tex/latex/base/fontenc.sty
Package: fontenc 2021/04/29 v2.0v Standard LaTeX package
)
\thickmuskip=\muskip16
\@charfontname=\skip48
\hfuzz=\dimen140

No auxiliary output files.

File name [press RETURN to cancel]: -lwc
-lwc
Processing -lwc...



! LaTeX Error: File `-lwc.tex' not found.

Type X to quit or <RETURN> to proceed,
or enter new name. (Default extension: tex)

Enter file name: 
! Emergency stop.
<read *> 
         
l.198 \@tempa
             ^^M
*** (cannot \read from terminal in nonstop modes)

 
Here is how much of TeX's memory you used:
 261 strings out of 476042
 2669 string characters out of 5793201
 1849385 words of memory out of 6000000
 20808 multiletter control sequences out of 15000+600000
 514700 words of font info for 34 fonts, out of 8000000 for 9000
 1137 hyphenation exceptions out of 8191
 30i,0n,34p,145b,40s stack positions out of 10000i,1000n,20000p,200000b,200000s
No pages of output.
