V3.2 
I11
I05/17/126-17:06:10 t.1 3.2 100 frequency okay 
I05/17/126-17:06:14 t.2 3.2 100 frequency okay 
I05/17/126-17:12:49 t.3 3.2 100 frequency okay 
I05/17/126-17:13:06 t.4 3.2 100 frequency okay 
I05/17/126-17:13:27 t.5 3.2 100 frequency okay 
I05/17/126-17:14:56 t.6 3.2 100 frequency okay 
I05/17/126-17:16:16 t.7 3.2 100 frequency okay 
I05/17/126-17:16:31 t.8 3.2 100 frequency okay 
I05/17/126-17:16:36 t.9 3.2 100 frequency okay 
I05/17/126-17:16:40 t.10 3.2 100 frequency okay 
I05/17/126-17:16:44 t.11 3.2 100 frequency okay 
M2
M./main.c 
M./wc.c 
S4
S0 ./main.c 1779049785!11
S0 ./stdio.h 1779051948!11
S1 ./wc.c 1779049462!2 0 1779049462 0 1779049462!3 !2 1779049462
S1 ./stdio.h 1779051948!2 0 1779051948 0 1779051948!3 !2 1779051948
B53
B!3 1!11
B!2 1!12
B!2 2 1!3 0 1!7
B!2 3 0 1 1 !3 1 0 1 
B!2 4 0 1 !4 1 
B!2 5 0 4 1 !3 4 0 1 
B!2 6 0 3 !4 3 
B!2 7 0 3 1 !3 3 0 1 
B!2 8 0 1 !4 1 
B!2 9 0 1 !4 1 
B!2 10 0 1 !4 1 
B!2 11 !2 1 !5 1 
B!2 12 !2 1 !5 1 
B!2 13 !2 1 !5 1 
B!2 14 1 !2 1!3 0 1 0 1 1
B!2 15 1 1 !3 1!3 !2 1
B!2 16 1 1 0 1 1 2 1 1 0 1 2
B!2 17 1 1 !3 2 1 1 !2 2
B!2 18 !3 1 
B!2 19 !3 1 
B!2 20 !3 1 
B!2 21 1 1 !3 2 1 1 !2 2
B!2 22 1 1 !2 1 2 1 1 0 1 2
B!2 23 1 1 !2 1 2 1 1 0 1 2
B!2 24 1 1 !2 1 2 1 1 0 1 2
B!2 25 !4 1 !4 1 
B!2 26 !4 1 !4 1 
B!2 27 1 1 !3 2 1 1 !2 2
B!2 28 1 1 !3 2 1 1 !2 2
B!2 29 1 1 !3 2 1 1 !2 2
B!2 30 1 1 !3 1!3 !2 1
B0 1 0 2 2 0 1 0 3 2 2 !2 3
B0 1 1 2 2 0 1 0 3 2 2 !2 3
B0 1 2!3 0 1 0 3 2 2 !2 3
B0 1 3 2 2 0 1 0 3 2 2 !2 3
B0 1 4 2 2 0 1 0 3 2 2 !2 3
B0 1 5 2 2 0 1 0 3 2 2 !2 3
B0 1 6 2 2 0 1 0 3 2 2 !2 3
B0 1 7 2 2 0 1 0 3 2 2 !2 3
B1 !2 1 1 0 1 0 2 1 1 !2 2
B1 0 1!3 0 1 0 2 1 1 !2 2
B1 0 2 20!2 0 20 0 59 20!2 !2 59
B1 0 3 20!2 0 20 0 59 20!2 !2 59
B1 0 4 20!2 0 20 0 59 20!2 !2 59
B1 0 5 1 1 0 1 0 2 1 1 !2 2
B1 0 6 19!2 0 19 0 57 19!2 !2 57
B1 0 7 1 1 0 1 0 3 1 1 !2 3
B1 0 8 19!2 0 19 0 57 19!2 !2 57
B1 0 9 16!2 0 16 0 48 16!2 !2 48
B1 0 10 15!2 0 15 0 45 15!2 !2 45
B1 0 11 5 5 0 5 0 15 5 5 !2 15
B1 0 12 14!2 0 14 0 42 14!2 !2 42
B1 0 13 4 4 0 4 0 12 4 4 !2 12
C68
C!2 1 0 18 !3 1 
C!2 2 0 11 !2 1 !5 1 
C!2 2 0 12 !2 1 !5 1 
C!2 4 0 2 1!3 0 1!7
C!2 4 0 14 1 !2 1!3 0 1 0 1 1
C!2 4 14 16 1 !2 1!3 0 1 0 1 1
C!2 4 14 22 1 !3 1 1 0 1 0 1 1
C!2 4 14 29 1 !4 1 0 1 !2 1
C!2 4 14 17 1 !4 1 0 1 !2 1
C!2 4 0 3 0 1 1 !3 1 0 1 
C!2 4 4 16 0 1 !4 1 
C!2 4 4 22 0 1 !4 1 
C!2 4 4 29 0 1 !4 1 
C!2 4 4 17 0 1 !4 1 
C!2 4 14 25 !4 1 !4 1 
C!2 4 17 16 !5 1 !4 1
C!2 4 17 22 !5 1 !4 1
C!2 4 17 29 !5 1 !4 1
C!2 4 17!2 !5 1 !4 1
C!2 5 3 5 0 1 1 !3 1 0 1 
C!2 5 3 7 0 1 1 !3 1 0 1 
C!2 5 3 6 0 1 !4 1 
C!2 5 6 5 0 3 !4 3 
C!2 5 6 7 0 2 !4 2 
C!2 5 6 6 0 2 !4 2 
C!2 5 3 11 !2 1 !5 1 
C!2 6 21 15 1 1 !3 1!3 !2 1
C!2 7 21 15 1 1 !3 1!3 !2 1
C!2 8 21 15 1 1 !3 1!3 !2 1
C!2 12 14 29 1 !4 2 0 1 !2 2
C!2 12 14 15 1 !4 1 0 1 !2 1
C!2 12 8 29 0 1 !4 1 
C!2 12 8 15 0 1 !4 1 
C!2 12 14 19 !3 1 
C!2 13 14 29 1 !4 2 0 1 !2 2
C!2 13 14 15 1 !4 1 0 1 !2 1
C!2 13 9 29 0 1 !4 1 
C!2 13 9 15 0 1 !4 1 
C!2 13 14 19 !3 1 
C!2 14!2 29 1 !4 2 0 1 !2 2
C!2 14!2 15 1 !4 1 0 1 !2 1
C!2 14 10 29 0 1 !4 1 
C!2 14 10 15 0 1 !4 1 
C!2 14!2 19 !3 1 
C!2 15 23 27 1 1 !3 2 1 1 !2 2
C!2 15 23 28 1 1 !3 2 1 1 !2 2
C!2 16 0 2 1!3 0 1!7
C!2 16 0 22 1 1 !2 1 2 1 1 0 1 2
C!2 16 0 29 1 1 !3 2 1 1 !2 2
C!2 16 0 3 0 1 1 !3 1 0 1 
C!2 16 0 25 !4 1 !4 1 
C0 1 4 0 2!3 0 1 0 3 2 2 !2 3
C0 1 5 0 4 2 2 0 1 0 3 2 2 !2 3
C0 1 6 0 6 2 2 0 1 0 3 2 2 !2 3
C0 1 7 0 7 2 2 0 1 0 3 2 2 !2 3
C1 0 2 1 7 1 1 0 1 0 2 1 1 !2 2
C1 0 2 7 5 1 1 0 1 0 2 1 1 !2 2
C1 0 2 7 7 !5 1 !4 1
C1 0 3 1 13 1 1 0 1 0 2 1 1 !2 2
C1 0 3 13!2 3 3 0 3 0 10 3 3 !2 10
C1 0 3 13 5 1 1 0 1 0 2 1 1 !2 2
C1 0 4 1 6 1 1 0 1 0 2 1 1 !2 2
C1 0 4 6 6 18!2 0 18 0 55 18!2 !2 55
C1 0 4 6 5 1 1 0 1 0 2 1 1 !2 2
C1 0 6 0 3 39!2 0 39 0 117 39!2 !2 117
C1 0 7 0 5 1 1 0 1 0 2 1 1 !2 2
C1 0 8 0 5 1 1 0 1 0 2 1 1 !2 2
C1 0 9 0 5 1 1 0 1 0 2 1 1 !2 2
P88
P!4 1 2 1!3 0 1!7
P!4 2 14 1 !3 1 1 0 1 0 1 1
P!4 16 22 1 1 !2 1!4 0 1 1
P!4 24 27 1 1 !3 1!3 !2 1
P!4 17 15 1 1 !3 1!3 !2 1
P!4 2 3 0 1 1 !3 1 0 1 
P!4 5 7 0 1 1 !3 1 0 1 
P!4 7 8 0 1 !4 1 
P!4 7 9 0 1 !4 1 
P!4 7 10 0 1 !4 1 
P!4 5 4 0 1 !4 1 
P!4 7 5 0 2 !4 2 
P!4 7 11 !2 1 !5 1 
P!4 1 14 !3 1 
P!4 16 18 !3 1 
P!4 24 25 !4 1 !4 1 
P!4 17 16 !5 1 !4 1
P!4 22 16 !5 1 !4 1
P!4 27 24 !5 1 !4 1
P!2 3 0 1 2 1!3 0 1!7
P!2 3 0 1 14 !3 1 
P!2 15 23 24 27 1 1 !3 1!3 !2 1
P!2 15 23 24 25 !4 1 !4 1 
P!2 15 23 27 24 !5 1 !4 1
P!2 16 0 2 14 1 !3 1 1 0 1 0 1 1
P!2 16 0 16 22 1 1 !2 1!4 0 1 1
P!2 16 0 17 15 1 1 !3 1!3 !2 1
P!2 16 0 2 3 0 1 1 !3 1 0 1 
P!2 16 0 16 18 !3 1 
P!2 16 0 17 16 !5 1 !4 1
P!2 16 0 22 16 !5 1 !4 1
P0 1 !2 1 2 1 1 0 1 0 1!3 !2 1
P0 1 !2 3 4 1 1 0 1 0 1!3 !2 1
P0 1 !2 5 6 1 1 0 1 0 1!3 !2 1
P0 1 !2 2 1!3 !3 2 1 1 !2 2
P0 1 !2 4 3 1 1 !3 2 1 1 !2 2
P0 1 !2 6 5 1 1 !3 2 1 1 !2 2
P0 1 1 0 1 2 1 1 0 1 0 1!3 !2 1
P0 1 1 0 2 1!3 !3 2 1 1 !2 2
P0 1 2 0 3 4 1 1 0 1 0 1!3 !2 1
P0 1 2 0 4 3 1 1 !3 2 1 1 !2 2
P0 1 3 0 5 6 1 1 0 1 0 1!3 !2 1
P0 1 3 0 6 5 1 1 !3 2 1 1 !2 2
P1 !3 4 6 1 1 0 1 0 1!3 !2 1
P1 !3 6 8 1 1 0 1 0 1!3 !2 1
P1 !3 8 9 1 1 0 1 0 1!3 !2 1
P1 !3 9 10 1 1 0 1 0 1!3 !2 1
P1 !3 10 11 1 1 0 1 0 1!3 !2 1
P1 !3 10 12 1 1 0 1 0 1!3 !2 1
P1 !3 12 13 1 1 0 1 0 1!3 !2 1
P1 !3 12 2 1 1 0 1 0 1!3 !2 1
P1 !3 8 11 1 1 0 1 0 1!3 !2 1
P1 !3 6 7 1 1 0 1 0 1!3 !2 1
P1 !3 9 11 1 1 0 1 0 1!3 !2 1
P1 !3 4 5 1 1 0 1 0 1!3 !2 1
P1 !3 6 4 18!2 0 18 0 56 18!2 !2 56
P1 !3 8 6 17!2 0 17 0 53 17!2 !2 53
P1 !3 11 8 2 2 0 2 0 8 2 2 !2 8
P1 !3 9 8 15!2 0 15 0 47 15!2 !2 47
P1 !3 10 9 14!2 0 14 0 44 14!2 !2 44
P1 !3 12 10 13!2 0 13 0 41 13!2 !2 41
P1 !3 2 12 9 9 0 9 0 29 9 9 !2 29
P1 !3 13 12 3 3 0 3 0 11 3 3 !2 11
P1 !3 5 4 !5 1 !4 1
P1 !3 7 6 !5 2 !4 2
P1 !3 11 9 !5 2 !4 2
P1 !3 11 10 !5 2 !4 2
P1 0 1 4 6 8 1 1 0 1 0 1!3 !2 1
P1 0 1 4 8 9 1 1 0 1 0 1!3 !2 1
P1 0 1 4 9 10 1 1 0 1 0 1!3 !2 1
P1 0 1 4 10 11 1 1 0 1 0 1!3 !2 1
P1 0 1 4 10 12 1 1 0 1 0 1!3 !2 1
P1 0 1 4 8 11 1 1 0 1 0 1!3 !2 1
P1 0 1 4 6 7 1 1 0 1 0 1!3 !2 1
P1 0 1 4 9 11 1 1 0 1 0 1!3 !2 1
P1 0 1 4 8 6 17!2 0 17 0 53 17!2 !2 53
P1 0 1 4 11 8 2 2 0 2 0 8 2 2 !2 8
P1 0 1 4 9 8 15!2 0 15 0 47 15!2 !2 47
P1 0 1 4 10 9 14!2 0 14 0 44 14!2 !2 44
P1 0 1 4 12 10 13!2 0 13 0 41 13!2 !2 41
P1 0 1 4 7 6 !5 2 !4 2
P1 0 1 4 11 9 !5 2 !4 2
P1 0 1 4 11 10 !5 2 !4 2
P1 0 5 11 12 13 1 1 0 1 0 1!3 !2 1
P1 0 5 13 12 2 1 1 0 1 0 1!3 !2 1
P1 0 5 13 2 12 9 9 0 9 0 29 9 9 !2 29
P1 0 5 11 13 12 3 3 0 3 0 11 3 3 !2 11
P1 0 6 0 3 4 1 1 0 1 0 1!3 !2 1
